  main.cpp
C:\Users\Anda\source\repos\OpenGL_FinalProject\OpenGL_FinalProject\main.cpp(133,17): warning C4244: '=': conversion from 'double' to 'float', possible loss of data
C:\Users\Anda\source\repos\OpenGL_FinalProject\OpenGL_FinalProject\main.cpp(134,17): warning C4244: '=': conversion from 'double' to 'float', possible loss of data
C:\Users\Anda\source\repos\OpenGL_FinalProject\OpenGL_FinalProject\main.cpp(138,19): warning C4244: 'initializing': conversion from 'double' to 'float', possible loss of data
C:\Users\Anda\source\repos\OpenGL_FinalProject\OpenGL_FinalProject\main.cpp(139,19): warning C4244: 'initializing': conversion from 'double' to 'float', possible loss of data
C:\Users\Anda\source\repos\OpenGL_FinalProject\OpenGL_FinalProject\main.cpp(140,13): warning C4244: '=': conversion from 'double' to 'float', possible loss of data
C:\Users\Anda\source\repos\OpenGL_FinalProject\OpenGL_FinalProject\main.cpp(141,13): warning C4244: '=': conversion from 'double' to 'float', possible loss of data
C:\Users\Anda\source\repos\OpenGL_FinalProject\OpenGL_FinalProject\main.cpp(551,23): warning C4244: 'initializing': conversion from 'double' to 'float', possible loss of data
C:\Users\Anda\source\repos\OpenGL_FinalProject\OpenGL_FinalProject\main.cpp(809,53): warning C4267: 'argument': conversion from 'size_t' to 'GLsizei', possible loss of data
glew32s.lib(glew.obj) : warning LNK4099: PDB 'vc120.pdb' was not found with 'glew32s.lib(glew.obj)' or at 'C:\Users\Anda\source\repos\OpenGL_FinalProject\x64\Debug\vc120.pdb'; linking object as if no debug info
LINK : warning LNK4098: defaultlib 'MSVCRT' conflicts with use of other libs; use /NODEFAULTLIB:library
LINK : warning LNK4098: defaultlib 'LIBCMT' conflicts with use of other libs; use /NODEFAULTLIB:library
LINK : warning LNK4217: symbol '__glewActiveTexture' defined in 'glew32s.lib(glew.obj)' is imported by 'SkyBox.obj' in function '"public: void __cdecl gps::SkyBox::Draw(class gps::Shader &,struct glm::mat<4,4,float,0>,struct glm::mat<4,4,float,0>,float)" (?Draw@SkyBox@gps@@QEAAXAEAVShader@2@U?$mat@$03$03M$0A@@glm@@1M@Z)'
LINK : warning LNK4217: symbol '__glewBindBuffer' defined in 'glew32s.lib(glew.obj)' is imported by 'SkyBox.obj' in function '"private: void __cdecl gps::SkyBox::initSkyBox(void)" (?initSkyBox@SkyBox@gps@@AEAAXXZ)'
LINK : warning LNK4217: symbol '__glewBufferData' defined in 'glew32s.lib(glew.obj)' is imported by 'SkyBox.obj' in function '"private: void __cdecl gps::SkyBox::initSkyBox(void)" (?initSkyBox@SkyBox@gps@@AEAAXXZ)'
LINK : warning LNK4217: symbol '__glewGenBuffers' defined in 'glew32s.lib(glew.obj)' is imported by 'SkyBox.obj' in function '"private: void __cdecl gps::SkyBox::initSkyBox(void)" (?initSkyBox@SkyBox@gps@@AEAAXXZ)'
LINK : warning LNK4217: symbol '__glewEnableVertexAttribArray' defined in 'glew32s.lib(glew.obj)' is imported by 'SkyBox.obj' in function '"private: void __cdecl gps::SkyBox::initSkyBox(void)" (?initSkyBox@SkyBox@gps@@AEAAXXZ)'
LINK : warning LNK4217: symbol '__glewGetUniformLocation' defined in 'glew32s.lib(glew.obj)' is imported by 'SkyBox.obj' in function '"public: void __cdecl gps::SkyBox::Draw(class gps::Shader &,struct glm::mat<4,4,float,0>,struct glm::mat<4,4,float,0>,float)" (?Draw@SkyBox@gps@@QEAAXAEAVShader@2@U?$mat@$03$03M$0A@@glm@@1M@Z)'
LINK : warning LNK4217: symbol '__glewUniform1f' defined in 'glew32s.lib(glew.obj)' is imported by 'SkyBox.obj' in function '"public: void __cdecl gps::SkyBox::Draw(class gps::Shader &,struct glm::mat<4,4,float,0>,struct glm::mat<4,4,float,0>,float)" (?Draw@SkyBox@gps@@QEAAXAEAVShader@2@U?$mat@$03$03M$0A@@glm@@1M@Z)'
LINK : warning LNK4217: symbol '__glewUniform1i' defined in 'glew32s.lib(glew.obj)' is imported by 'SkyBox.obj' in function '"public: void __cdecl gps::SkyBox::Draw(class gps::Shader &,struct glm::mat<4,4,float,0>,struct glm::mat<4,4,float,0>,float)" (?Draw@SkyBox@gps@@QEAAXAEAVShader@2@U?$mat@$03$03M$0A@@glm@@1M@Z)'
LINK : warning LNK4217: symbol '__glewUniformMatrix4fv' defined in 'glew32s.lib(glew.obj)' is imported by 'SkyBox.obj' in function '"public: void __cdecl gps::SkyBox::Draw(class gps::Shader &,struct glm::mat<4,4,float,0>,struct glm::mat<4,4,float,0>,float)" (?Draw@SkyBox@gps@@QEAAXAEAVShader@2@U?$mat@$03$03M$0A@@glm@@1M@Z)'
LINK : warning LNK4217: symbol '__glewVertexAttribPointer' defined in 'glew32s.lib(glew.obj)' is imported by 'SkyBox.obj' in function '"private: void __cdecl gps::SkyBox::initSkyBox(void)" (?initSkyBox@SkyBox@gps@@AEAAXXZ)'
LINK : warning LNK4217: symbol '__glewBindVertexArray' defined in 'glew32s.lib(glew.obj)' is imported by 'SkyBox.obj' in function '"public: void __cdecl gps::SkyBox::Draw(class gps::Shader &,struct glm::mat<4,4,float,0>,struct glm::mat<4,4,float,0>,float)" (?Draw@SkyBox@gps@@QEAAXAEAVShader@2@U?$mat@$03$03M$0A@@glm@@1M@Z)'
LINK : warning LNK4217: symbol '__glewGenVertexArrays' defined in 'glew32s.lib(glew.obj)' is imported by 'SkyBox.obj' in function '"private: void __cdecl gps::SkyBox::initSkyBox(void)" (?initSkyBox@SkyBox@gps@@AEAAXXZ)'
  OpenGL_FinalProject.vcxproj -> C:\Users\Anda\source\repos\OpenGL_FinalProject\x64\Debug\OpenGL_FinalProject.exe
